ShortLinkClient/app/build/intermediates/manifest_merge_blame_file/debug/manifest-merger-blame-debug-report.txt
1<?xml version="1.0" encoding="utf-8"?>
2<manifest xmlns:android="http://schemas.android.com/apk/res/android"
3    package="com.example.shortlink"
4    android:versionCode="1"
5    android:versionName="1.0" >
6
7    <uses-sdk
8        android:minSdkVersion="16"
8-->src\main\AndroidManifest.xml
9        android:targetSdkVersion="30" />
9-->src\main\AndroidManifest.xml
10
11    <uses-permission android:name="android.permission.INTERNET" />
11-->src\main\AndroidManifest.xml:5:5-67
11-->src\main\AndroidManifest.xml:5:22-64
12    <uses-permission android:name="android.permission.CAMERA" /> <!-- Don't require camera, as this requires a rear camera. This allows it to work on the Nexus 7 -->
12-->[com.journeyapps:zxing-android-embedded:3.4.0] AndroidManifest.xml:21:5-65
12-->[com.journeyapps:zxing-android-embedded:3.4.0] AndroidManifest.xml:21:22-62
13    <uses-feature
13-->[com.journeyapps:zxing-android-embedded:3.4.0] AndroidManifest.xml:24:5-26:36
14        android:name="android.hardware.camera"
14-->[com.journeyapps:zxing-android-embedded:3.4.0] AndroidManifest.xml:25:9-47
15        android:required="false" />
15-->[com.journeyapps:zxing-android-embedded:3.4.0] AndroidManifest.xml:26:9-33
16    <uses-feature
16-->[com.journeyapps:zxing-android-embedded:3.4.0] AndroidManifest.xml:27:5-29:36
17        android:name="android.hardware.camera.front"
17-->[com.journeyapps:zxing-android-embedded:3.4.0] AndroidManifest.xml:28:9-53
18        android:required="false" /> <!-- TODO replace above two with next line after Android 4.2 -->
18-->[com.journeyapps:zxing-android-embedded:3.4.0] AndroidManifest.xml:29:9-33
19    <!-- <uses-feature android:name="android.hardware.camera.any"/> -->
20    <uses-feature
20-->[com.journeyapps:zxing-android-embedded:3.4.0] AndroidManifest.xml:32:5-34:36
21        android:name="android.hardware.camera.autofocus"
21-->[com.journeyapps:zxing-android-embedded:3.4.0] AndroidManifest.xml:33:9-57
22        android:required="false" />
22-->[com.journeyapps:zxing-android-embedded:3.4.0] AndroidManifest.xml:34:9-33
23    <uses-feature
23-->[com.journeyapps:zxing-android-embedded:3.4.0] AndroidManifest.xml:35:5-37:36
24        android:name="android.hardware.camera.flash"
24-->[com.journeyapps:zxing-android-embedded:3.4.0] AndroidManifest.xml:36:9-53
25        android:required="false" />
25-->[com.journeyapps:zxing-android-embedded:3.4.0] AndroidManifest.xml:37:9-33
26    <uses-feature
26-->[com.journeyapps:zxing-android-embedded:3.4.0] AndroidManifest.xml:38:5-40:36
27        android:name="android.hardware.screen.landscape"
27-->[com.journeyapps:zxing-android-embedded:3.4.0] AndroidManifest.xml:39:9-57
28        android:required="false" />
28-->[com.journeyapps:zxing-android-embedded:3.4.0] AndroidManifest.xml:40:9-33
29    <uses-feature
29-->[com.journeyapps:zxing-android-embedded:3.4.0] AndroidManifest.xml:41:5-43:36
30        android:name="android.hardware.wifi"
30-->[com.journeyapps:zxing-android-embedded:3.4.0] AndroidManifest.xml:42:9-45
31        android:required="false" />
31-->[com.journeyapps:zxing-android-embedded:3.4.0] AndroidManifest.xml:43:9-33
32
33    <application
33-->src\main\AndroidManifest.xml:7:5-32:19
34        android:allowBackup="true"
34-->src\main\AndroidManifest.xml:8:9-35
35        android:appComponentFactory="androidx.core.app.CoreComponentFactory"
35-->[androidx.core:core:1.3.1] AndroidManifest.xml:24:18-86
36        android:debuggable="true"
37        android:icon="@mipmap/ic_launcher"
37-->src\main\AndroidManifest.xml:9:9-43
38        android:label="@string/app_name"
38-->src\main\AndroidManifest.xml:10:9-41
39        android:roundIcon="@mipmap/ic_launcher_round"
39-->src\main\AndroidManifest.xml:11:9-54
40        android:supportsRtl="true"
40-->src\main\AndroidManifest.xml:12:9-35
41        android:testOnly="true"
42        android:theme="@style/Theme.ShortLink" >
42-->src\main\AndroidManifest.xml:13:9-47
43        <activity
43-->src\main\AndroidManifest.xml:14:9-22:20
44            android:name="com.example.shortlink.SplashScreen"
44-->src\main\AndroidManifest.xml:15:13-41
45            android:theme="@style/SplashTheme" >
45-->src\main\AndroidManifest.xml:16:13-47
46            <intent-filter>
46-->src\main\AndroidManifest.xml:17:13-21:29
47                <action android:name="android.intent.action.MAIN" />
47-->src\main\AndroidManifest.xml:18:17-69
47-->src\main\AndroidManifest.xml:18:25-66
48
49                <category android:name="android.intent.category.LAUNCHER" />
49-->src\main\AndroidManifest.xml:20:17-77
49-->src\main\AndroidManifest.xml:20:27-74
50            </intent-filter>
51        </activity>
52        <activity
52-->src\main\AndroidManifest.xml:23:9-25:52
53            android:name="com.example.shortlink.QRActivity"
53-->src\main\AndroidManifest.xml:24:13-39
54            android:screenOrientation="portrait" />
54-->src\main\AndroidManifest.xml:25:13-49
55        <activity
55-->src\main\AndroidManifest.xml:26:9-31:20
56            android:name="com.example.shortlink.MainActivity"
56-->src\main\AndroidManifest.xml:27:13-41
57            android:screenOrientation="portrait"
57-->src\main\AndroidManifest.xml:28:13-49
58            android:windowSoftInputMode="adjustNothing" >
58-->src\main\AndroidManifest.xml:29:13-56
59        </activity>
60        <activity
60-->[com.journeyapps:zxing-android-embedded:3.4.0] AndroidManifest.xml:46:9-52:63
61            android:name="com.journeyapps.barcodescanner.CaptureActivity"
61-->[com.journeyapps:zxing-android-embedded:3.4.0] AndroidManifest.xml:47:13-74
62            android:clearTaskOnLaunch="true"
62-->[com.journeyapps:zxing-android-embedded:3.4.0] AndroidManifest.xml:48:13-45
63            android:screenOrientation="sensorLandscape"
63-->[com.journeyapps:zxing-android-embedded:3.4.0] AndroidManifest.xml:49:13-56
64            android:stateNotNeeded="true"
64-->[com.journeyapps:zxing-android-embedded:3.4.0] AndroidManifest.xml:50:13-42
65            android:theme="@style/zxing_CaptureTheme"
65-->[com.journeyapps:zxing-android-embedded:3.4.0] AndroidManifest.xml:51:13-54
66            android:windowSoftInputMode="stateAlwaysHidden" />
66-->[com.journeyapps:zxing-android-embedded:3.4.0] AndroidManifest.xml:52:13-60
67    </application>
68
69</manifest>